#
# There is insufficient memory for the Java Runtime Environment to continue.
# Native memory allocation (malloc) failed to allocate 1084256 bytes for Chunk::new
# Possible reasons:
#   The system is out of physical RAM or swap space
#   The process is running with CompressedOops enabled, and the Java Heap may be blocking the growth of the native heap
# Possible solutions:
#   Reduce memory load on the system
#   Increase physical memory or swap space
#   Check if swap backing store is full
#   Decrease Java heap size (-Xmx/-Xms)
#   Decrease number of Java threads
#   Decrease Java thread stack sizes (-Xss)
#   Set larger code cache with -XX:ReservedCodeCacheSize=
#   JVM is running with Unscaled Compressed Oops mode in which the Java heap is
#     placed in the first 4GB address space. The Java Heap base address is the
#     maximum limit for the native heap growth. Please use -XX:HeapBaseMinAddress
#     to set the Java Heap base and to place the Java Heap above 4GB virtual address.
# This output file may be truncated or incomplete.
#
#  Out of Memory Error (allocation.cpp:389), pid=20324, tid=0x0000000000003b20
#
# JRE version: Java(TM) SE Runtime Environment (8.0_211-b12) (build 1.8.0_211-b12)
# Java VM: Java HotSpot(TM) 64-Bit Server VM (25.211-b12 mixed mode windows-amd64 compressed oops)
# Failed to write core dump. Minidumps are not enabled by default on client versions of Windows
#

---------------  T H R E A D  ---------------

Current thread (0x0000000017ee7800):  JavaThread "C2 CompilerThread1" daemon [_thread_in_native, id=15136, stack(0x0000000019a10000,0x0000000019b10000)]

Stack: [0x0000000019a10000,0x0000000019b10000]
[error occurred during error reporting (printing stack bounds), id 0xc0000005]

Native frames: (J=compiled Java code, j=interpreted, Vv=VM code, C=native code)


Current CompileTask:
C2:   3231 2038   !   4       java.net.URLClassLoader$1::run (63 bytes)


---------------  P R O C E S S  ---------------

Java Threads: ( => current thread )
  0x00000000192c8000 JavaThread "Service Thread" daemon [_thread_blocked, id=2324, stack(0x0000000019c10000,0x0000000019d10000)]
  0x0000000017efe800 JavaThread "C1 CompilerThread2" daemon [_thread_blocked, id=18076, stack(0x0000000019b10000,0x0000000019c10000)]
=>0x0000000017ee7800 JavaThread "C2 CompilerThread1" daemon [_thread_in_native, id=15136, stack(0x0000000019a10000,0x0000000019b10000)]
  0x0000000017ee4800 JavaThread "C2 CompilerThread0" daemon [_thread_in_native, id=11024, stack(0x0000000019910000,0x0000000019a10000)]
  0x0000000017ed9000 JavaThread "Monitor Ctrl-Break" daemon [_thread_in_native, id=11656, stack(0x0000000019810000,0x0000000019910000)]
  0x0000000019253800 JavaThread "Attach Listener" daemon [_thread_blocked, id=18652, stack(0x0000000019710000,0x0000000019810000)]
  0x0000000017eb5000 JavaThread "Signal Dispatcher" daemon [_thread_blocked, id=7532, stack(0x0000000019610000,0x0000000019710000)]
  0x000000000317b800 JavaThread "Finalizer" daemon [_thread_blocked, id=10028, stack(0x0000000019110000,0x0000000019210000)]
  0x0000000003178000 JavaThread "Reference Handler" daemon [_thread_blocked, id=7636, stack(0x0000000019010000,0x0000000019110000)]
  0x0000000003088000 JavaThread "main" [_thread_in_Java, id=17076, stack(0x0000000002f80000,0x0000000003080000)]

Other Threads:
  0x0000000017e67800 VMThread [stack: 0x0000000018f10000,0x0000000019010000] [id=1880]
  0x00000000192ee000 WatcherThread [stack: 0x0000000019d10000,0x0000000019e10000] [id=16444]

VM state:not at safepoint (normal execution)

VM Mutex/Monitor currently owned by a thread: None

heap address: 0x0000000081a00000, size: 2022 MB, Compressed Oops mode: 32-bit
Narrow klass base: 0x0000000000000000, Narrow klass shift: 3
Compressed class space size: 1073741824 Address: 0x0000000100000000

Heap:
 PSYoungGen      total 59392K, used 50917K [0x00000000d5e00000, 0x00000000dab00000, 0x0000000100000000)
  eden space 55296K, 85% used [0x00000000d5e00000,0x00000000d8beef68,0x00000000d9400000)
  from space 4096K, 94% used [0x00000000da700000,0x00000000daaca808,0x00000000dab00000)
  to   space 8192K, 0% used [0x00000000d9b00000,0x00000000d9b00000,0x00000000da300000)
 ParOldGen       total 53760K, used 6885K [0x0000000081a00000, 0x0000000084e80000, 0x00000000d5e00000)
  object space 53760K, 12% used [0x0000000081a00000,0x00000000820b9740,0x0000000084e80000)
 Metaspace       used 25860K, capacity 27364K, committed 27648K, reserved 1073152K
  class space    used 3421K, capacity 3726K, committed 3840K, reserved 1048576K

Card table byte_map: [0x0000000012720000,0x0000000012b20000] byte_map_base: 0x0000000012313000

Marking Bits: (ParMarkBitMap*) 0x000000005ced5ce0
 Begin Bits: [0x00000000131d0000, 0x0000000015168000)
 End Bits:   [0x0000000015168000, 0x0000000017100000)

Polling page: 0x0000000000dc0000

CodeCache: size=245760Kb used=7189Kb max_used=7189Kb free=238570Kb
 bounds [0x0000000003360000, 0x0000000003a70000, 0x0000000012360000]
 total_blobs=2483 nmethods=2102 adapters=293
 compilation: enabled

Compilation events (10 events):
Event: 3.221 Thread 0x0000000017efe800 2104       3       org.springframework.core.type.classreading.SimpleAnnotationMetadataReadingVisitor::visitAnnotation (30 bytes)
Event: 3.221 Thread 0x0000000017efe800 nmethod 2104 0x0000000003a64b90 code [0x0000000003a64d80, 0x0000000003a65728]
Event: 3.222 Thread 0x0000000017efe800 2105       1       org.springframework.context.annotation.ConditionEvaluator$ConditionContextImpl::getClassLoader (5 bytes)
Event: 3.222 Thread 0x0000000017efe800 nmethod 2105 0x0000000003a65cd0 code [0x0000000003a65e20, 0x0000000003a65f30]
Event: 3.223 Thread 0x0000000017efe800 2106       3       org.springframework.core.type.AnnotationMetadata$$Lambda$376/267814113::test (10 bytes)
Event: 3.223 Thread 0x0000000017efe800 nmethod 2106 0x0000000003a65f90 code [0x0000000003a66120, 0x0000000003a66698]
Event: 3.224 Thread 0x0000000017efe800 2107   !   3       sun.net.www.protocol.jar.JarURLConnection::connect (163 bytes)
Event: 3.225 Thread 0x0000000017efe800 nmethod 2107 0x0000000003a66810 code [0x0000000003a66b00, 0x0000000003a68088]
Event: 3.226 Thread 0x0000000017efe800 2108       3       org.springframework.core.io.ClassPathResource::equals (69 bytes)
Event: 3.227 Thread 0x0000000017efe800 nmethod 2108 0x0000000003a68890 code [0x0000000003a68a40, 0x0000000003a69028]

GC Heap History (10 events):
Event: 2.124 GC heap before
{Heap before GC invocations=3 (full 0):
 PSYoungGen      total 38400K, used 38379K [0x00000000d5e00000, 0x00000000d8880000, 0x0000000100000000)
  eden space 33280K, 100% used [0x00000000d5e00000,0x00000000d7e80000,0x00000000d7e80000)
  from space 5120K, 99% used [0x00000000d8380000,0x00000000d887ad28,0x00000000d8880000)
  to   space 5120K, 0% used [0x00000000d7e80000,0x00000000d7e80000,0x00000000d8380000)
 ParOldGen       total 87552K, used 287K [0x0000000081a00000, 0x0000000086f80000, 0x00000000d5e00000)
  object space 87552K, 0% used [0x0000000081a00000,0x0000000081a47e78,0x0000000086f80000)
 Metaspace       used 15511K, capacity 16600K, committed 16896K, reserved 1064960K
  class space    used 1961K, capacity 2178K, committed 2304K, reserved 1048576K
Event: 2.130 GC heap after
Heap after GC invocations=3 (full 0):
 PSYoungGen      total 38400K, used 5111K [0x00000000d5e00000, 0x00000000d8880000, 0x0000000100000000)
  eden space 33280K, 0% used [0x00000000d5e00000,0x00000000d5e00000,0x00000000d7e80000)
  from space 5120K, 99% used [0x00000000d7e80000,0x00000000d837dda8,0x00000000d8380000)
  to   space 5120K, 0% used [0x00000000d8380000,0x00000000d8380000,0x00000000d8880000)
 ParOldGen       total 87552K, used 1314K [0x0000000081a00000, 0x0000000086f80000, 0x00000000d5e00000)
  object space 87552K, 1% used [0x0000000081a00000,0x0000000081b48b88,0x0000000086f80000)
 Metaspace       used 15511K, capacity 16600K, committed 16896K, reserved 1064960K
  class space    used 1961K, capacity 2178K, committed 2304K, reserved 1048576K
}
Event: 2.410 GC heap before
{Heap before GC invocations=4 (full 0):
 PSYoungGen      total 38400K, used 38391K [0x00000000d5e00000, 0x00000000d8880000, 0x0000000100000000)
  eden space 33280K, 100% used [0x00000000d5e00000,0x00000000d7e80000,0x00000000d7e80000)
  from space 5120K, 99% used [0x00000000d7e80000,0x00000000d837dda8,0x00000000d8380000)
  to   space 5120K, 0% used [0x00000000d8380000,0x00000000d8380000,0x00000000d8880000)
 ParOldGen       total 87552K, used 1314K [0x0000000081a00000, 0x0000000086f80000, 0x00000000d5e00000)
  object space 87552K, 1% used [0x0000000081a00000,0x0000000081b48b88,0x0000000086f80000)
 Metaspace       used 18043K, capacity 19284K, committed 19328K, reserved 1067008K
  class space    used 2407K, capacity 2670K, committed 2688K, reserved 1048576K
Event: 2.419 GC heap after
Heap after GC invocations=4 (full 0):
 PSYoungGen      total 38400K, used 5114K [0x00000000d5e00000, 0x00000000da900000, 0x0000000100000000)
  eden space 33280K, 0% used [0x00000000d5e00000,0x00000000d5e00000,0x00000000d7e80000)
  from space 5120K, 99% used [0x00000000d8380000,0x00000000d887eaa8,0x00000000d8880000)
  to   space 5120K, 0% used [0x00000000d7e80000,0x00000000d7e80000,0x00000000d8380000)
 ParOldGen       total 87552K, used 2916K [0x0000000081a00000, 0x0000000086f80000, 0x00000000d5e00000)
  object space 87552K, 3% used [0x0000000081a00000,0x0000000081cd9060,0x0000000086f80000)
 Metaspace       used 18043K, capacity 19284K, committed 19328K, reserved 1067008K
  class space    used 2407K, capacity 2670K, committed 2688K, reserved 1048576K
}
Event: 2.546 GC heap before
{Heap before GC invocations=5 (full 0):
 PSYoungGen      total 38400K, used 34707K [0x00000000d5e00000, 0x00000000da900000, 0x0000000100000000)
  eden space 33280K, 88% used [0x00000000d5e00000,0x00000000d7ae6380,0x00000000d7e80000)
  from space 5120K, 99% used [0x00000000d8380000,0x00000000d887eaa8,0x00000000d8880000)
  to   space 5120K, 0% used [0x00000000d7e80000,0x00000000d7e80000,0x00000000d8380000)
 ParOldGen       total 87552K, used 2916K [0x0000000081a00000, 0x0000000086f80000, 0x00000000d5e00000)
  object space 87552K, 3% used [0x0000000081a00000,0x0000000081cd9060,0x0000000086f80000)
 Metaspace       used 19841K, capacity 21126K, committed 21248K, reserved 1067008K
  class space    used 2698K, capacity 2955K, committed 3072K, reserved 1048576K
Event: 2.555 GC heap after
Heap after GC invocations=5 (full 0):
 PSYoungGen      total 38400K, used 5090K [0x00000000d5e00000, 0x00000000daf00000, 0x0000000100000000)
  eden space 33280K, 0% used [0x00000000d5e00000,0x00000000d5e00000,0x00000000d7e80000)
  from space 5120K, 99% used [0x00000000d7e80000,0x00000000d8378860,0x00000000d8380000)
  to   space 8192K, 0% used [0x00000000da700000,0x00000000da700000,0x00000000daf00000)
 ParOldGen       total 87552K, used 4845K [0x0000000081a00000, 0x0000000086f80000, 0x00000000d5e00000)
  object space 87552K, 5% used [0x0000000081a00000,0x0000000081ebb450,0x0000000086f80000)
 Metaspace       used 19841K, capacity 21126K, committed 21248K, reserved 1067008K
  class space    used 2698K, capacity 2955K, committed 3072K, reserved 1048576K
}
Event: 2.555 GC heap before
{Heap before GC invocations=6 (full 1):
 PSYoungGen      total 38400K, used 5090K [0x00000000d5e00000, 0x00000000daf00000, 0x0000000100000000)
  eden space 33280K, 0% used [0x00000000d5e00000,0x00000000d5e00000,0x00000000d7e80000)
  from space 5120K, 99% used [0x00000000d7e80000,0x00000000d8378860,0x00000000d8380000)
  to   space 8192K, 0% used [0x00000000da700000,0x00000000da700000,0x00000000daf00000)
 ParOldGen       total 87552K, used 4845K [0x0000000081a00000, 0x0000000086f80000, 0x00000000d5e00000)
  object space 87552K, 5% used [0x0000000081a00000,0x0000000081ebb450,0x0000000086f80000)
 Metaspace       used 19841K, capacity 21126K, committed 21248K, reserved 1067008K
  class space    used 2698K, capacity 2955K, committed 3072K, reserved 1048576K
Event: 2.589 GC heap after
Heap after GC invocations=6 (full 1):
 PSYoungGen      total 38400K, used 0K [0x00000000d5e00000, 0x00000000daf00000, 0x0000000100000000)
  eden space 33280K, 0% used [0x00000000d5e00000,0x00000000d5e00000,0x00000000d7e80000)
  from space 5120K, 0% used [0x00000000d7e80000,0x00000000d7e80000,0x00000000d8380000)
  to   space 8192K, 0% used [0x00000000da700000,0x00000000da700000,0x00000000daf00000)
 ParOldGen       total 53760K, used 6885K [0x0000000081a00000, 0x0000000084e80000, 0x00000000d5e00000)
  object space 53760K, 12% used [0x0000000081a00000,0x00000000820b9740,0x0000000084e80000)
 Metaspace       used 19841K, capacity 21126K, committed 21248K, reserved 1067008K
  class space    used 2698K, capacity 2955K, committed 3072K, reserved 1048576K
}
Event: 2.816 GC heap before
{Heap before GC invocations=7 (full 1):
 PSYoungGen      total 38400K, used 33280K [0x00000000d5e00000, 0x00000000daf00000, 0x0000000100000000)
  eden space 33280K, 100% used [0x00000000d5e00000,0x00000000d7e80000,0x00000000d7e80000)
  from space 5120K, 0% used [0x00000000d7e80000,0x00000000d7e80000,0x00000000d8380000)
  to   space 8192K, 0% used [0x00000000da700000,0x00000000da700000,0x00000000daf00000)
 ParOldGen       total 53760K, used 6885K [0x0000000081a00000, 0x0000000084e80000, 0x00000000d5e00000)
  object space 53760K, 12% used [0x0000000081a00000,0x00000000820b9740,0x0000000084e80000)
 Metaspace       used 23021K, capacity 24380K, committed 24704K, reserved 1071104K
  class space    used 3066K, capacity 3346K, committed 3456K, reserved 1048576K
Event: 2.821 GC heap after
Heap after GC invocations=7 (full 1):
 PSYoungGen      total 59392K, used 3882K [0x00000000d5e00000, 0x00000000dab00000, 0x0000000100000000)
  eden space 55296K, 0% used [0x00000000d5e00000,0x00000000d5e00000,0x00000000d9400000)
  from space 4096K, 94% used [0x00000000da700000,0x00000000daaca808,0x00000000dab00000)
  to   space 8192K, 0% used [0x00000000d9b00000,0x00000000d9b00000,0x00000000da300000)
 ParOldGen       total 53760K, used 6885K [0x0000000081a00000, 0x0000000084e80000, 0x00000000d5e00000)
  object space 53760K, 12% used [0x0000000081a00000,0x00000000820b9740,0x0000000084e80000)
 Metaspace       used 23021K, capacity 24380K, committed 24704K, reserved 1071104K
  class space    used 3066K, capacity 3346K, committed 3456K, reserved 1048576K
}

Deoptimization events (10 events):
Event: 2.332 Thread 0x0000000003088000 Uncommon trap: reason=unstable_if action=reinterpret pc=0x000000000388bce4 method=org.springframework.boot.context.properties.source.ConfigurationPropertyName$ElementsParser.isAlpha(C)Z @ 9
Event: 2.388 Thread 0x0000000003088000 Uncommon trap: reason=unstable_if action=reinterpret pc=0x000000000381d57c method=java.net.URL.<init>(Ljava/net/URL;Ljava/lang/String;Ljava/net/URLStreamHandler;)V @ 347
Event: 2.595 Thread 0x0000000019607800 Uncommon trap: reason=bimorphic action=maybe_recompile pc=0x0000000003778f60 method=java.util.HashMap.putVal(ILjava/lang/Object;Ljava/lang/Object;ZZ)Ljava/lang/Object; @ 203
Event: 2.602 Thread 0x0000000019607800 Uncommon trap: reason=bimorphic action=maybe_recompile pc=0x0000000003778f60 method=java.util.HashMap.putVal(ILjava/lang/Object;Ljava/lang/Object;ZZ)Ljava/lang/Object; @ 203
Event: 2.606 Thread 0x0000000019607800 Uncommon trap: reason=bimorphic action=maybe_recompile pc=0x0000000003778f60 method=java.util.HashMap.putVal(ILjava/lang/Object;Ljava/lang/Object;ZZ)Ljava/lang/Object; @ 203
Event: 2.624 Thread 0x0000000003088000 Uncommon trap: reason=unstable_if action=reinterpret pc=0x0000000003808460 method=java.util.concurrent.ConcurrentHashMap.putVal(Ljava/lang/Object;Ljava/lang/Object;Z)Ljava/lang/Object; @ 206
Event: 2.627 Thread 0x0000000019607800 Uncommon trap: reason=unstable_if action=reinterpret pc=0x00000000037dde38 method=java.util.jar.Manifest$FastInputStream.readLine([BII)I @ 87
Event: 2.790 Thread 0x0000000003088000 Uncommon trap: reason=unstable_if action=reinterpret pc=0x00000000039807a0 method=java.util.Properties$LineReader.readLine()I @ 252
Event: 2.790 Thread 0x0000000003088000 Uncommon trap: reason=unstable_if action=reinterpret pc=0x000000000397c6b4 method=java.util.Properties$LineReader.readLine()I @ 252
Event: 3.082 Thread 0x0000000019607800 Uncommon trap: reason=unstable_if action=reinterpret pc=0x000000000366d564 method=jdk.internal.org.objectweb.asm.Type.getArgumentsAndReturnSizes(Ljava/lang/String;)I @ 47

Classes redefined (0 events):
No events

Internal exceptions (10 events):
Event: 2.703 Thread 0x0000000003088000 Exception <a 'java/lang/ClassNotFoundException': org/springframework/context/ResourceLoaderAwareCustomizer> (0x00000000d6c19620) thrown at [C:\re\workspace\8-2-build-windows-amd64-cygwin\jdk8u211\12973\hotspot\src\share\vm\classfile\systemDictionary.cpp, 
Event: 2.705 Thread 0x0000000003088000 Exception <a 'java/lang/ClassNotFoundException': org/springframework/beans/factory/AwareCustomizer> (0x00000000d6d10828) thrown at [C:\re\workspace\8-2-build-windows-amd64-cygwin\jdk8u211\12973\hotspot\src\share\vm\classfile\systemDictionary.cpp, line 210
Event: 2.706 Thread 0x0000000003088000 Exception <a 'java/lang/ClassNotFoundException': org/springframework/beans/factory/BeanClassLoaderAwareCustomizer> (0x00000000d6d354b0) thrown at [C:\re\workspace\8-2-build-windows-amd64-cygwin\jdk8u211\12973\hotspot\src\share\vm\classfile\systemDictionar
Event: 2.706 Thread 0x0000000003088000 Exception <a 'java/lang/ClassNotFoundException': org/springframework/beans/factory/AwareCustomizer> (0x00000000d6d54dc8) thrown at [C:\re\workspace\8-2-build-windows-amd64-cygwin\jdk8u211\12973\hotspot\src\share\vm\classfile\systemDictionary.cpp, line 210
Event: 2.707 Thread 0x0000000003088000 Exception <a 'java/lang/ClassNotFoundException': org/springframework/context/EnvironmentAwareCustomizer> (0x00000000d6db9658) thrown at [C:\re\workspace\8-2-build-windows-amd64-cygwin\jdk8u211\12973\hotspot\src\share\vm\classfile\systemDictionary.cpp, lin
Event: 2.707 Thread 0x0000000003088000 Exception <a 'java/lang/ClassNotFoundException': org/springframework/beans/factory/AwareCustomizer> (0x00000000d6dd8e50) thrown at [C:\re\workspace\8-2-build-windows-amd64-cygwin\jdk8u211\12973\hotspot\src\share\vm\classfile\systemDictionary.cpp, line 210
Event: 2.929 Thread 0x0000000003088000 Exception <a 'java/lang/IncompatibleClassChangeError': Found class java.lang.Object, but interface was expected> (0x00000000d6b03628) thrown at [C:\re\workspace\8-2-build-windows-amd64-cygwin\jdk8u211\12973\hotspot\src\share\vm\interpreter\linkResolver.cp
Event: 2.995 Thread 0x0000000003088000 Exception <a 'java/lang/NoSuchMethodError': java.lang.Object.lambda$getAllAnnotationAttributes$0(Lorg/springframework/util/MultiValueMap;)Lorg/springframework/util/MultiValueMap;> (0x00000000d7069150) thrown at [C:\re\workspace\8-2-build-windows-amd64-cyg
Event: 2.996 Thread 0x0000000003088000 Exception <a 'java/lang/NoSuchMethodError': java.lang.Object.lambda$identity$2(Ljava/lang/Object;)Ljava/lang/Object;> (0x00000000d706cc60) thrown at [C:\re\workspace\8-2-build-windows-amd64-cygwin\jdk8u211\12973\hotspot\src\share\vm\interpreter\linkResolv
Event: 3.085 Thread 0x0000000019607800 Exception <a 'java/lang/IncompatibleClassChangeError': Found class java.lang.Object, but interface was expected> (0x00000000d7dcdab8) thrown at [C:\re\workspace\8-2-build-windows-amd64-cygwin\jdk8u211\12973\hotspot\src\share\vm\interpreter\linkResolver.cp

Events (10 events):
Event: 3.218 loading class org/aspectj/weaver/Advice
Event: 3.218 loading class org/aspectj/weaver/Advice done
Event: 3.218 loading class org/aspectj/weaver/Advice
Event: 3.218 loading class org/aspectj/weaver/Advice done
Event: 3.222 loading class org/aspectj/weaver/Advice
Event: 3.222 loading class org/aspectj/weaver/Advice done
Event: 3.226 loading class io/lettuce/core/RedisClient
Event: 3.226 loading class io/lettuce/core/RedisClient done
Event: 3.228 loading class io/lettuce/core/AbstractRedisClient
Event: 3.228 loading class io/lettuce/core/AbstractRedisClient done


Dynamic libraries:
0x00007ff7a1830000 - 0x00007ff7a1867000 	C:\Program Files\Java\jdk1.8.0_211\bin\java.exe
0x00007ffaab060000 - 0x00007ffaab250000 	C:\WINDOWS\SYSTEM32\ntdll.dll
0x00007ffaaab50000 - 0x00007ffaaac02000 	C:\WINDOWS\System32\KERNEL32.DLL
0x00007ffaa8ba0000 - 0x00007ffaa8e43000 	C:\WINDOWS\System32\KERNELBASE.dll
0x00007ffaaa390000 - 0x00007ffaaa433000 	C:\WINDOWS\System32\ADVAPI32.dll
0x00007ffaa9f10000 - 0x00007ffaa9fae000 	C:\WINDOWS\System32\msvcrt.dll
0x00007ffaa9c30000 - 0x00007ffaa9cc7000 	C:\WINDOWS\System32\sechost.dll
0x00007ffaaa060000 - 0x00007ffaaa180000 	C:\WINDOWS\System32\RPCRT4.dll
0x00007ffaa9cd0000 - 0x00007ffaa9e64000 	C:\WINDOWS\System32\USER32.dll
0x00007ffaa8a70000 - 0x00007ffaa8a91000 	C:\WINDOWS\System32\win32u.dll
0x00007ffaa9110000 - 0x00007ffaa9136000 	C:\WINDOWS\System32\GDI32.dll
0x00007ffaa8f70000 - 0x00007ffaa9104000 	C:\WINDOWS\System32\gdi32full.dll
0x00007ffaa8ed0000 - 0x00007ffaa8f6e000 	C:\WINDOWS\System32\msvcp_win.dll
0x00007ffaa8770000 - 0x00007ffaa886a000 	C:\WINDOWS\System32\ucrtbase.dll
0x00007ffa99bd0000 - 0x00007ffa99e55000 	C:\WINDOWS\WinSxS\amd64_microsoft.windows.common-controls_6595b64144ccf1df_6.0.18362.720_none_e6beb5c51314836b\COMCTL32.dll
0x00007ffaaace0000 - 0x00007ffaab016000 	C:\WINDOWS\System32\combase.dll
0x00007ffaa8e50000 - 0x00007ffaa8ed0000 	C:\WINDOWS\System32\bcryptPrimitives.dll
0x00007ffaaa240000 - 0x00007ffaaa26e000 	C:\WINDOWS\System32\IMM32.DLL
0x000000005cf80000 - 0x000000005d052000 	C:\Program Files\Java\jdk1.8.0_211\jre\bin\msvcr100.dll
0x000000005c6b0000 - 0x000000005cf55000 	C:\Program Files\Java\jdk1.8.0_211\jre\bin\server\jvm.dll
0x00007ffaaa320000 - 0x00007ffaaa328000 	C:\WINDOWS\System32\PSAPI.DLL
0x00007ffaa6a30000 - 0x00007ffaa6a39000 	C:\WINDOWS\SYSTEM32\WSOCK32.dll
0x00007ffaaa930000 - 0x00007ffaaa99f000 	C:\WINDOWS\System32\WS2_32.dll
0x00007ffaa1bd0000 - 0x00007ffaa1bf4000 	C:\WINDOWS\SYSTEM32\WINMM.dll
0x00007ffa9f920000 - 0x00007ffa9f92a000 	C:\WINDOWS\SYSTEM32\VERSION.dll
0x00007ffaa1b80000 - 0x00007ffaa1bad000 	C:\WINDOWS\SYSTEM32\winmmbase.dll
0x00007ffaa8a20000 - 0x00007ffaa8a6a000 	C:\WINDOWS\System32\cfgmgr32.dll
0x00007ffaa4020000 - 0x00007ffaa402f000 	C:\Program Files\Java\jdk1.8.0_211\jre\bin\verify.dll
0x00007ffaa10c0000 - 0x00007ffaa10e9000 	C:\Program Files\Java\jdk1.8.0_211\jre\bin\java.dll
0x00007ffa82970000 - 0x00007ffa82993000 	C:\Program Files\Java\jdk1.8.0_211\jre\bin\instrument.dll
0x00007ffa98f10000 - 0x00007ffa98f26000 	C:\Program Files\Java\jdk1.8.0_211\jre\bin\zip.dll
0x00007ffaa9140000 - 0x00007ffaa9825000 	C:\WINDOWS\System32\SHELL32.dll
0x00007ffaa9fb0000 - 0x00007ffaaa059000 	C:\WINDOWS\System32\shcore.dll
0x00007ffaa7ff0000 - 0x00007ffaa8770000 	C:\WINDOWS\System32\windows.storage.dll
0x00007ffaa7fc0000 - 0x00007ffaa7fe3000 	C:\WINDOWS\System32\profapi.dll
0x00007ffaa7f70000 - 0x00007ffaa7fba000 	C:\WINDOWS\System32\powrprof.dll
0x00007ffaa7f20000 - 0x00007ffaa7f30000 	C:\WINDOWS\System32\UMPDC.dll
0x00007ffaaa330000 - 0x00007ffaaa382000 	C:\WINDOWS\System32\shlwapi.dll
0x00007ffaa7f30000 - 0x00007ffaa7f41000 	C:\WINDOWS\System32\kernel.appcore.dll
0x00007ffaa8aa0000 - 0x00007ffaa8ab7000 	C:\WINDOWS\System32\cryptsp.dll
0x00007ffa82950000 - 0x00007ffa8296a000 	C:\Program Files\JetBrains\IntelliJ IDEA 2019.1.3\bin\breakgen64.dll
0x00007ffa87450000 - 0x00007ffa8746a000 	C:\Program Files\Java\jdk1.8.0_211\jre\bin\net.dll
0x00007ffa98880000 - 0x00007ffa98a55000 	C:\WINDOWS\SYSTEM32\urlmon.dll
0x00007ffa93620000 - 0x00007ffa938c6000 	C:\WINDOWS\SYSTEM32\iertutil.dll
0x00007ffaa7960000 - 0x00007ffaa796c000 	C:\WINDOWS\SYSTEM32\CRYPTBASE.DLL
0x00007ffaa7790000 - 0x00007ffaa77f7000 	C:\WINDOWS\system32\mswsock.dll
0x00007ffa854f0000 - 0x00007ffa85502000 	C:\Program Files\Java\jdk1.8.0_211\jre\bin\nio.dll
0x00007ffaa3fa0000 - 0x00007ffaa3fad000 	C:\Program Files\Java\jdk1.8.0_211\jre\bin\management.dll
0x00007ffa9db10000 - 0x00007ffa9db26000 	C:\WINDOWS\system32\napinsp.dll
0x00007ffa9db30000 - 0x00007ffa9db4a000 	C:\WINDOWS\system32\pnrpnsp.dll
0x00007ffaa74e0000 - 0x00007ffaa75aa000 	C:\WINDOWS\SYSTEM32\DNSAPI.dll
0x00007ffaa9ee0000 - 0x00007ffaa9ee8000 	C:\WINDOWS\System32\NSI.dll
0x00007ffaa74a0000 - 0x00007ffaa74da000 	C:\WINDOWS\SYSTEM32\IPHLPAPI.DLL
0x00007ffa9db50000 - 0x00007ffa9db5e000 	C:\WINDOWS\System32\winrnr.dll
0x00007ffaa3da0000 - 0x00007ffaa3dbc000 	C:\WINDOWS\system32\NLAapi.dll
0x00007ffaa3270000 - 0x00007ffaa3285000 	C:\WINDOWS\system32\wshbth.dll
0x00007ffa9db90000 - 0x00007ffa9db9a000 	C:\Windows\System32\rasadhlp.dll
0x00007ffa9f400000 - 0x00007ffa9f477000 	C:\WINDOWS\System32\fwpuclnt.dll
0x00007ffaa8b70000 - 0x00007ffaa8b96000 	C:\WINDOWS\System32\bcrypt.dll

VM Arguments:
jvm_args: -ea -Didea.test.cyclic.buffer.size=1048576 -javaagent:C:\Program Files\JetBrains\IntelliJ IDEA 2019.1.3\lib\idea_rt.jar=65090:C:\Program Files\JetBrains\IntelliJ IDEA 2019.1.3\bin -Dfile.encoding=UTF-8 
java_command: com.intellij.rt.execution.junit.JUnitStarter -ideVersion5 -junit5 com.bin.MenulnitUtils,initMenu
java_class_path (initial): C:\Program Files\JetBrains\IntelliJ IDEA 2019.1.3\lib\idea_rt.jar;C:\Program Files\JetBrains\IntelliJ IDEA 2019.1.3\plugins\junit\lib\junit-rt.jar;C:\Program Files\JetBrains\IntelliJ IDEA 2019.1.3\plugins\junit\lib\junit5-rt.jar;C:\Users\24707\.m2\repository\org\junit\platform\junit-platform-launcher\1.5.2\junit-platform-launcher-1.5.2.jar;C:\Users\24707\.m2\repository\org\apiguardian\apiguardian-api\1.1.0\apiguardian-api-1.1.0.jar;C:\Users\24707\.m2\repository\org\junit\platform\junit-platform-engine\1.5.2\junit-platform-engine-1.5.2.jar;C:\Users\24707\.m2\repository\org\opentest4j\opentest4j\1.2.0\opentest4j-1.2.0.jar;C:\Users\24707\.m2\repository\org\junit\platform\junit-platform-commons\1.5.2\junit-platform-commons-1.5.2.jar;C:\Program Files\Java\jdk1.8.0_211\jre\lib\charsets.jar;C:\Program Files\Java\jdk1.8.0_211\jre\lib\deploy.jar;C:\Program Files\Java\jdk1.8.0_211\jre\lib\ext\access-bridge-64.jar;C:\Program Files\Java\jdk1.8.0_211\jre\lib\ext\cldrdata.jar;C:\Program Files\Java\jdk1.8.0_211\jre\lib\ext\dnsns.jar;C:\Program Files\Java\jdk1.8.0_211\jre\lib\ext\jaccess.jar;C:\Program Files\Java\jdk1.8.0_211\jre\lib\ext\jfxrt.jar;C:\Program Files\Java\jdk1.8.0_211\jre\lib\ext\localedata.jar;C:\Program Files\Java\jdk1.8.0_211\jre\lib\ext\nashorn.jar;C:\Program Files\Java\jdk1.8.0_211\jre\lib\ext\sunec.jar;C:\Program Files\Java\jdk1.8.0_211\jre\lib\ext\sunjce_provider.jar;C:\Program Files\Java\jdk1.8.0_211\jre\lib\ext\sunmscapi.jar;C:\Program Files\Java\jdk1.8.0_211\jre\lib\ext\sunpkcs11.jar;C:\Program Files\Java\jdk1.8.0_211\jre\lib\ext\zipfs.jar;C:\Program Files\Java\jdk1.8.0_211\jre\lib\javaws.jar;C:\Program Files\Java\jdk1.8.0_211\jre\lib\jce.jar;C:\Program Files\Java\jdk1.8.0_211\jre\lib\jfr.jar;C:\Program Files\Java\jdk1.8.0_211\jre\lib\jfxswt.jar;C:\Program Files\Java\jdk1.8.0_211\jre\lib\jsse.jar;C:\Program Files\Java\jdk1.8.0_211\jre\lib\management-agent.jar;C:\Program Files\Java\jdk1.8.0_211\jre\lib\plugin.jar;C:\Program Files\
Launcher Type: SUN_STANDARD

Environment Variables:
JAVA_HOME=C:\Program Files\Java\jdk-11.0.4
CLASSPATH=.;C:\Program Files\Java\jdk-11.0.4\lib;C:\Program Files\Java\jdk-11.0.4\lib\dt.jar;C:\Program Files\Java\jdk-11.0.4\lib\tools.jar
PATH=E:\Program Files (x86)\NetSarang\Xshell 6\;E:\Program Files (x86)\NetSarang\Xftp 6\;"C:\Program Files\Java\jdk-11.0.4\bin;C:\Program Files\Java\jdk-11.0.4\jre\bin;C:\Program Files (x86)\Intel\iCLS Client\;C:\Program Files\Intel\iCLS Client\;C:\windows\system32;C:\windows;C:\windows\System32\Wbem;C:\windows\System32\WindowsPowerShell\v1.0\;C:\Program Files (x86)\Intel\Intel(R) Management Engine Components\DAL;C:\Progra";C:\Program Files\Git\cmd;F:\blog\node\;%APPDATA%\picgo\data.json;C:\Program Files\MySQL\MySQL Server 5.5\bin;C:\Users\24707\AppData\Local\Microsoft\WindowsApps;D:\apache-maven-3.5.2\bin;C:\Users\24707\AppData\Roaming\npm;C:\Windows\System32\WindowsPowerShell\v1.0;C:\Users\24707\AppData\Roaming\picgo\data.json;
USERNAME=24707
OS=Windows_NT
PROCESSOR_IDENTIFIER=Intel64 Family 6 Model 94 Stepping 3, GenuineIntel



---------------  S Y S T E M  ---------------

OS: Windows 10.0 , 64 bit Build 18362 (10.0.18362.329)

CPU:total 4 (initial active 4) (4 cores per cpu, 1 threads per core) family 6 model 94 stepping 3, cmov, cx8, fxsr, mmx, sse, sse2, sse3, ssse3, sse4.1, sse4.2, popcnt, avx, avx2, aes, clmul, erms, rtm, 3dnowpref, lzcnt, tsc, tscinvbit, bmi1, bmi2, adx

Memory: 4k page, physical 8275872k(472092k free), swap 14567328k(5700k free)

vm_info: Java HotSpot(TM) 64-Bit Server VM (25.211-b12) for windows-amd64 JRE (1.8.0_211-b12), built on Apr  1 2019 20:53:26 by "java_re" with MS VC++ 10.0 (VS2010)

time: Sun Mar 15 23:49:19 2020
timezone: 中国标准时间
elapsed time: 3 seconds (0d 0h 0m 3s)

