#
# There is insufficient memory for the Java Runtime Environment to continue.
# Native memory allocation (malloc) failed to allocate 32744 bytes for ChunkPool::allocate
# Possible reasons:
#   The system is out of physical RAM or swap space
#   The process is running with CompressedOops enabled, and the Java Heap may be blocking the growth of the native heap
# Possible solutions:
#   Reduce memory load on the system
#   Increase physical memory or swap space
#   Check if swap backing store is full
#   Decrease Java heap size (-Xmx/-Xms)
#   Decrease number of Java threads
#   Decrease Java thread stack sizes (-Xss)
#   Set larger code cache with -XX:ReservedCodeCacheSize=
#   JVM is running with Unscaled Compressed Oops mode in which the Java heap is
#     placed in the first 4GB address space. The Java Heap base address is the
#     maximum limit for the native heap growth. Please use -XX:HeapBaseMinAddress
#     to set the Java Heap base and to place the Java Heap above 4GB virtual address.
# This output file may be truncated or incomplete.
#
#  Out of Memory Error (allocation.cpp:272), pid=6908, tid=0x0000000000002980
#
# JRE version: Java(TM) SE Runtime Environment (8.0_211-b12) (build 1.8.0_211-b12)
# Java VM: Java HotSpot(TM) 64-Bit Server VM (25.211-b12 mixed mode windows-amd64 compressed oops)
# Failed to write core dump. Minidumps are not enabled by default on client versions of Windows
#

---------------  T H R E A D  ---------------

Current thread (0x0000000018045000):  JavaThread "C2 CompilerThread0" daemon [_thread_in_native, id=10624, stack(0x0000000019a60000,0x0000000019b60000)]

Stack: [0x0000000019a60000,0x0000000019b60000]
[error occurred during error reporting (printing stack bounds), id 0xc0000005]

Native frames: (J=compiled Java code, j=interpreted, Vv=VM code, C=native code)


Current CompileTask:
C2:   3656 1765   !   4       java.net.URLClassLoader$1::run (63 bytes)


---------------  P R O C E S S  ---------------

Java Threads: ( => current thread )
  0x000000001aab4000 JavaThread "background-preinit" [_thread_in_native, id=19424, stack(0x000000001bf10000,0x000000001c010000)]
  0x000000001941e800 JavaThread "Service Thread" daemon [_thread_blocked, id=6988, stack(0x0000000019d60000,0x0000000019e60000)]
  0x0000000018049800 JavaThread "C1 CompilerThread2" daemon [_thread_in_vm, id=9340, stack(0x0000000019c60000,0x0000000019d60000)]
  0x0000000018048800 JavaThread "C2 CompilerThread1" daemon [_thread_in_native, id=13676, stack(0x0000000019b60000,0x0000000019c60000)]
=>0x0000000018045000 JavaThread "C2 CompilerThread0" daemon [_thread_in_native, id=10624, stack(0x0000000019a60000,0x0000000019b60000)]
  0x000000001803a000 JavaThread "Monitor Ctrl-Break" daemon [_thread_in_native, id=18244, stack(0x0000000019960000,0x0000000019a60000)]
  0x000000001802a000 JavaThread "Attach Listener" daemon [_thread_blocked, id=8884, stack(0x0000000019860000,0x0000000019960000)]
  0x0000000018017000 JavaThread "Signal Dispatcher" daemon [_thread_blocked, id=9784, stack(0x0000000019760000,0x0000000019860000)]
  0x000000000334c800 JavaThread "Finalizer" daemon [_thread_blocked, id=7784, stack(0x0000000019260000,0x0000000019360000)]
  0x0000000003348000 JavaThread "Reference Handler" daemon [_thread_blocked, id=7492, stack(0x0000000019160000,0x0000000019260000)]
  0x0000000003258000 JavaThread "main" [_thread_in_native, id=9472, stack(0x00000000030b0000,0x00000000031b0000)]

Other Threads:
  0x0000000017fc7800 VMThread [stack: 0x0000000019060000,0x0000000019160000] [id=17600]
  0x000000001940d800 WatcherThread [stack: 0x0000000019e60000,0x0000000019f60000] [id=17900]

VM state:not at safepoint (normal execution)

VM Mutex/Monitor currently owned by a thread: None

heap address: 0x0000000081a00000, size: 2022 MB, Compressed Oops mode: 32-bit
Narrow klass base: 0x0000000000000000, Narrow klass shift: 3
Compressed class space size: 1073741824 Address: 0x0000000100000000

Heap:
 PSYoungGen      total 71680K, used 41572K [0x00000000d5e00000, 0x00000000da900000, 0x0000000100000000)
  eden space 66560K, 62% used [0x00000000d5e00000,0x00000000d8699090,0x00000000d9f00000)
  from space 5120K, 0% used [0x00000000d9f00000,0x00000000d9f00000,0x00000000da400000)
  to   space 5120K, 0% used [0x00000000da400000,0x00000000da400000,0x00000000da900000)
 ParOldGen       total 52736K, used 7051K [0x0000000081a00000, 0x0000000084d80000, 0x00000000d5e00000)
  object space 52736K, 13% used [0x0000000081a00000,0x00000000820e2d20,0x0000000084d80000)
 Metaspace       used 23846K, capacity 25224K, committed 25600K, reserved 1071104K
  class space    used 3186K, capacity 3474K, committed 3584K, reserved 1048576K

Card table byte_map: [0x0000000012880000,0x0000000012c80000] byte_map_base: 0x0000000012473000

Marking Bits: (ParMarkBitMap*) 0x000000005ced5ce0
 Begin Bits: [0x0000000013330000, 0x00000000152c8000)
 End Bits:   [0x00000000152c8000, 0x0000000017260000)

Polling page: 0x0000000001360000

CodeCache: size=245760Kb used=6231Kb max_used=6231Kb free=239528Kb
 bounds [0x00000000034c0000, 0x0000000003ae0000, 0x00000000124c0000]
 total_blobs=2195 nmethods=1818 adapters=289
 compilation: enabled

Compilation events (10 events):
Event: 3.595 Thread 0x0000000018049800 1816       3       java.util.Arrays::fill (21 bytes)
Event: 3.595 Thread 0x0000000018049800 nmethod 1816 0x0000000003ad7050 code [0x0000000003ad71c0, 0x0000000003ad73b0]
Event: 3.595 Thread 0x0000000018049800 1817       3       org.springframework.core.annotation.AttributeMethods::indexOf (37 bytes)
Event: 3.595 Thread 0x0000000018049800 nmethod 1817 0x0000000003ad7490 code [0x0000000003ad7600, 0x0000000003ad79e8]
Event: 3.602 Thread 0x0000000018049800 1818       1       java.util.zip.ZipFile::access$300 (5 bytes)
Event: 3.602 Thread 0x0000000018049800 nmethod 1818 0x0000000003ad7b50 code [0x0000000003ad7ca0, 0x0000000003ad7d90]
Event: 3.602 Thread 0x0000000018049800 1819       3       java.util.zip.ZipEntry::<init> (43 bytes)
Event: 3.602 Thread 0x0000000018049800 nmethod 1819 0x0000000003ad7e10 code [0x0000000003ad7f60, 0x0000000003ad8170]
Event: 3.603 Thread 0x0000000018049800 1820       1       java.net.URLConnection::getUseCaches (5 bytes)
Event: 3.603 Thread 0x0000000018049800 nmethod 1820 0x0000000003ad8210 code [0x0000000003ad8360, 0x0000000003ad8470]

GC Heap History (10 events):
Event: 2.255 GC heap before
{Heap before GC invocations=2 (full 0):
 PSYoungGen      total 38400K, used 37916K [0x00000000d5e00000, 0x00000000d8880000, 0x0000000100000000)
  eden space 33280K, 100% used [0x00000000d5e00000,0x00000000d7e80000,0x00000000d7e80000)
  from space 5120K, 90% used [0x00000000d7e80000,0x00000000d8307088,0x00000000d8380000)
  to   space 5120K, 0% used [0x00000000d8380000,0x00000000d8380000,0x00000000d8880000)
 ParOldGen       total 87552K, used 16K [0x0000000081a00000, 0x0000000086f80000, 0x00000000d5e00000)
  object space 87552K, 0% used [0x0000000081a00000,0x0000000081a04000,0x0000000086f80000)
 Metaspace       used 12318K, capacity 13294K, committed 13568K, reserved 1060864K
  class space    used 1558K, capacity 1739K, committed 1792K, reserved 1048576K
Event: 2.264 GC heap after
Heap after GC invocations=2 (full 0):
 PSYoungGen      total 38400K, used 5103K [0x00000000d5e00000, 0x00000000da900000, 0x0000000100000000)
  eden space 33280K, 0% used [0x00000000d5e00000,0x00000000d5e00000,0x00000000d7e80000)
  from space 5120K, 99% used [0x00000000d8380000,0x00000000d887bea8,0x00000000d8880000)
  to   space 5120K, 0% used [0x00000000d7e80000,0x00000000d7e80000,0x00000000d8380000)
 ParOldGen       total 87552K, used 285K [0x0000000081a00000, 0x0000000086f80000, 0x00000000d5e00000)
  object space 87552K, 0% used [0x0000000081a00000,0x0000000081a47748,0x0000000086f80000)
 Metaspace       used 12318K, capacity 13294K, committed 13568K, reserved 1060864K
  class space    used 1558K, capacity 1739K, committed 1792K, reserved 1048576K
}
Event: 2.687 GC heap before
{Heap before GC invocations=3 (full 0):
 PSYoungGen      total 38400K, used 38383K [0x00000000d5e00000, 0x00000000da900000, 0x0000000100000000)
  eden space 33280K, 100% used [0x00000000d5e00000,0x00000000d7e80000,0x00000000d7e80000)
  from space 5120K, 99% used [0x00000000d8380000,0x00000000d887bea8,0x00000000d8880000)
  to   space 5120K, 0% used [0x00000000d7e80000,0x00000000d7e80000,0x00000000d8380000)
 ParOldGen       total 87552K, used 285K [0x0000000081a00000, 0x0000000086f80000, 0x00000000d5e00000)
  object space 87552K, 0% used [0x0000000081a00000,0x0000000081a47748,0x0000000086f80000)
 Metaspace       used 15594K, capacity 16718K, committed 16896K, reserved 1064960K
  class space    used 1974K, capacity 2213K, committed 2304K, reserved 1048576K
Event: 2.695 GC heap after
Heap after GC invocations=3 (full 0):
 PSYoungGen      total 38400K, used 5108K [0x00000000d5e00000, 0x00000000da900000, 0x0000000100000000)
  eden space 33280K, 0% used [0x00000000d5e00000,0x00000000d5e00000,0x00000000d7e80000)
  from space 5120K, 99% used [0x00000000d7e80000,0x00000000d837d120,0x00000000d8380000)
  to   space 5120K, 0% used [0x00000000da400000,0x00000000da400000,0x00000000da900000)
 ParOldGen       total 87552K, used 1362K [0x0000000081a00000, 0x0000000086f80000, 0x00000000d5e00000)
  object space 87552K, 1% used [0x0000000081a00000,0x0000000081b549f8,0x0000000086f80000)
 Metaspace       used 15594K, capacity 16718K, committed 16896K, reserved 1064960K
  class space    used 1974K, capacity 2213K, committed 2304K, reserved 1048576K
}
Event: 2.990 GC heap before
{Heap before GC invocations=4 (full 0):
 PSYoungGen      total 38400K, used 38388K [0x00000000d5e00000, 0x00000000da900000, 0x0000000100000000)
  eden space 33280K, 100% used [0x00000000d5e00000,0x00000000d7e80000,0x00000000d7e80000)
  from space 5120K, 99% used [0x00000000d7e80000,0x00000000d837d120,0x00000000d8380000)
  to   space 5120K, 0% used [0x00000000da400000,0x00000000da400000,0x00000000da900000)
 ParOldGen       total 87552K, used 1362K [0x0000000081a00000, 0x0000000086f80000, 0x00000000d5e00000)
  object space 87552K, 1% used [0x0000000081a00000,0x0000000081b549f8,0x0000000086f80000)
 Metaspace       used 17722K, capacity 18984K, committed 19072K, reserved 1064960K
  class space    used 2372K, capacity 2634K, committed 2688K, reserved 1048576K
Event: 2.999 GC heap after
Heap after GC invocations=4 (full 0):
 PSYoungGen      total 71680K, used 5098K [0x00000000d5e00000, 0x00000000da900000, 0x0000000100000000)
  eden space 66560K, 0% used [0x00000000d5e00000,0x00000000d5e00000,0x00000000d9f00000)
  from space 5120K, 99% used [0x00000000da400000,0x00000000da8faa98,0x00000000da900000)
  to   space 5120K, 0% used [0x00000000d9f00000,0x00000000d9f00000,0x00000000da400000)
 ParOldGen       total 87552K, used 2779K [0x0000000081a00000, 0x0000000086f80000, 0x00000000d5e00000)
  object space 87552K, 3% used [0x0000000081a00000,0x0000000081cb6de8,0x0000000086f80000)
 Metaspace       used 17722K, capacity 18984K, committed 19072K, reserved 1064960K
  class space    used 2372K, capacity 2634K, committed 2688K, reserved 1048576K
}
Event: 3.145 GC heap before
{Heap before GC invocations=5 (full 0):
 PSYoungGen      total 71680K, used 33556K [0x00000000d5e00000, 0x00000000da900000, 0x0000000100000000)
  eden space 66560K, 42% used [0x00000000d5e00000,0x00000000d79ca860,0x00000000d9f00000)
  from space 5120K, 99% used [0x00000000da400000,0x00000000da8faa98,0x00000000da900000)
  to   space 5120K, 0% used [0x00000000d9f00000,0x00000000d9f00000,0x00000000da400000)
 ParOldGen       total 87552K, used 2779K [0x0000000081a00000, 0x0000000086f80000, 0x00000000d5e00000)
  object space 87552K, 3% used [0x0000000081a00000,0x0000000081cb6de8,0x0000000086f80000)
 Metaspace       used 19874K, capacity 21134K, committed 21296K, reserved 1067008K
  class space    used 2684K, capacity 2929K, committed 2944K, reserved 1048576K
Event: 3.154 GC heap after
Heap after GC invocations=5 (full 0):
 PSYoungGen      total 71680K, used 5114K [0x00000000d5e00000, 0x00000000da900000, 0x0000000100000000)
  eden space 66560K, 0% used [0x00000000d5e00000,0x00000000d5e00000,0x00000000d9f00000)
  from space 5120K, 99% used [0x00000000d9f00000,0x00000000da3feaa8,0x00000000da400000)
  to   space 5120K, 0% used [0x00000000da400000,0x00000000da400000,0x00000000da900000)
 ParOldGen       total 87552K, used 4871K [0x0000000081a00000, 0x0000000086f80000, 0x00000000d5e00000)
  object space 87552K, 5% used [0x0000000081a00000,0x0000000081ec1d78,0x0000000086f80000)
 Metaspace       used 19874K, capacity 21134K, committed 21296K, reserved 1067008K
  class space    used 2684K, capacity 2929K, committed 2944K, reserved 1048576K
}
Event: 3.154 GC heap before
{Heap before GC invocations=6 (full 1):
 PSYoungGen      total 71680K, used 5114K [0x00000000d5e00000, 0x00000000da900000, 0x0000000100000000)
  eden space 66560K, 0% used [0x00000000d5e00000,0x00000000d5e00000,0x00000000d9f00000)
  from space 5120K, 99% used [0x00000000d9f00000,0x00000000da3feaa8,0x00000000da400000)
  to   space 5120K, 0% used [0x00000000da400000,0x00000000da400000,0x00000000da900000)
 ParOldGen       total 87552K, used 4871K [0x0000000081a00000, 0x0000000086f80000, 0x00000000d5e00000)
  object space 87552K, 5% used [0x0000000081a00000,0x0000000081ec1d78,0x0000000086f80000)
 Metaspace       used 19874K, capacity 21134K, committed 21296K, reserved 1067008K
  class space    used 2684K, capacity 2929K, committed 2944K, reserved 1048576K
Event: 3.189 GC heap after
Heap after GC invocations=6 (full 1):
 PSYoungGen      total 71680K, used 0K [0x00000000d5e00000, 0x00000000da900000, 0x0000000100000000)
  eden space 66560K, 0% used [0x00000000d5e00000,0x00000000d5e00000,0x00000000d9f00000)
  from space 5120K, 0% used [0x00000000d9f00000,0x00000000d9f00000,0x00000000da400000)
  to   space 5120K, 0% used [0x00000000da400000,0x00000000da400000,0x00000000da900000)
 ParOldGen       total 52736K, used 7051K [0x0000000081a00000, 0x0000000084d80000, 0x00000000d5e00000)
  object space 52736K, 13% used [0x0000000081a00000,0x00000000820e2d20,0x0000000084d80000)
 Metaspace       used 19874K, capacity 21134K, committed 21296K, reserved 1067008K
  class space    used 2684K, capacity 2929K, committed 2944K, reserved 1048576K
}

Deoptimization events (10 events):
Event: 1.944 Thread 0x0000000003258000 Uncommon trap: reason=class_check action=maybe_recompile pc=0x0000000003654f20 method=java.lang.String.equals(Ljava/lang/Object;)Z @ 8
Event: 2.063 Thread 0x0000000003258000 Uncommon trap: reason=unstable_if action=reinterpret pc=0x00000000037c7ef4 method=java.io.WinNTFileSystem.normalize(Ljava/lang/String;)Ljava/lang/String; @ 128
Event: 2.124 Thread 0x0000000003258000 Uncommon trap: reason=unstable_if action=reinterpret pc=0x000000000387fa74 method=java.util.HashMap.hash(Ljava/lang/Object;)I @ 1
Event: 2.192 Thread 0x0000000003258000 Uncommon trap: reason=range_check action=make_not_entrant pc=0x0000000003779160 method=sun.reflect.generics.parser.SignatureParser.current()C @ 34
Event: 2.534 Thread 0x0000000003258000 Uncommon trap: reason=unstable_if action=reinterpret pc=0x0000000003874d88 method=java.util.HashMap.putVal(ILjava/lang/Object;Ljava/lang/Object;ZZ)Ljava/lang/Object; @ 236
Event: 2.662 Thread 0x000000001aab4000 Uncommon trap: reason=unstable_if action=reinterpret pc=0x00000000039730e4 method=java.util.concurrent.ConcurrentHashMap.putVal(Ljava/lang/Object;Ljava/lang/Object;Z)Ljava/lang/Object; @ 113
Event: 2.713 Thread 0x0000000003258000 Uncommon trap: reason=unstable_if action=reinterpret pc=0x000000000375dd20 method=java.util.HashMap.hash(Ljava/lang/Object;)I @ 1
Event: 2.977 Thread 0x0000000003258000 Uncommon trap: reason=unstable_if action=reinterpret pc=0x0000000003a02264 method=org.springframework.boot.context.properties.source.ConfigurationPropertyName$ElementsParser.isAlpha(C)Z @ 9
Event: 3.032 Thread 0x0000000003258000 Uncommon trap: reason=unstable_if action=reinterpret pc=0x000000000399773c method=java.net.URL.<init>(Ljava/net/URL;Ljava/lang/String;Ljava/net/URLStreamHandler;)V @ 347
Event: 3.118 Thread 0x000000001aab4000 Uncommon trap: reason=unstable_if action=reinterpret pc=0x000000000393bb78 method=java.util.jar.Manifest$FastInputStream.readLine([BII)I @ 87

Classes redefined (0 events):
No events

Internal exceptions (10 events):
Event: 3.384 Thread 0x0000000003258000 Exception <a 'java/lang/ClassNotFoundException': org/springframework/beans/factory/support/BeanDefinitionRegistryPostProcessorCustomizer> (0x00000000d74e7480) thrown at [C:\re\workspace\8-2-build-windows-amd64-cygwin\jdk8u211\12973\hotspot\src\share\vm\cl
Event: 3.387 Thread 0x0000000003258000 Exception <a 'java/lang/ClassNotFoundException': org/springframework/beans/factory/config/BeanFactoryPostProcessorCustomizer> (0x00000000d7511e38) thrown at [C:\re\workspace\8-2-build-windows-amd64-cygwin\jdk8u211\12973\hotspot\src\share\vm\classfile\syst
Event: 3.388 Thread 0x0000000003258000 Exception <a 'java/lang/ClassNotFoundException': org/springframework/core/PriorityOrderedCustomizer> (0x00000000d76cca70) thrown at [C:\re\workspace\8-2-build-windows-amd64-cygwin\jdk8u211\12973\hotspot\src\share\vm\classfile\systemDictionary.cpp, line 21
Event: 3.388 Thread 0x0000000003258000 Exception <a 'java/lang/ClassNotFoundException': org/springframework/core/OrderedCustomizer> (0x00000000d76e7eb8) thrown at [C:\re\workspace\8-2-build-windows-amd64-cygwin\jdk8u211\12973\hotspot\src\share\vm\classfile\systemDictionary.cpp, line 210]
Event: 3.389 Thread 0x0000000003258000 Exception <a 'java/lang/ClassNotFoundException': org/springframework/context/ResourceLoaderAwareCustomizer> (0x00000000d770a530) thrown at [C:\re\workspace\8-2-build-windows-amd64-cygwin\jdk8u211\12973\hotspot\src\share\vm\classfile\systemDictionary.cpp, 
Event: 3.389 Thread 0x0000000003258000 Exception <a 'java/lang/ClassNotFoundException': org/springframework/beans/factory/AwareCustomizer> (0x00000000d7729db8) thrown at [C:\re\workspace\8-2-build-windows-amd64-cygwin\jdk8u211\12973\hotspot\src\share\vm\classfile\systemDictionary.cpp, line 210
Event: 3.390 Thread 0x0000000003258000 Exception <a 'java/lang/ClassNotFoundException': org/springframework/beans/factory/BeanClassLoaderAwareCustomizer> (0x00000000d774ea40) thrown at [C:\re\workspace\8-2-build-windows-amd64-cygwin\jdk8u211\12973\hotspot\src\share\vm\classfile\systemDictionar
Event: 3.390 Thread 0x0000000003258000 Exception <a 'java/lang/ClassNotFoundException': org/springframework/beans/factory/AwareCustomizer> (0x00000000d776e358) thrown at [C:\re\workspace\8-2-build-windows-amd64-cygwin\jdk8u211\12973\hotspot\src\share\vm\classfile\systemDictionary.cpp, line 210
Event: 3.391 Thread 0x0000000003258000 Exception <a 'java/lang/ClassNotFoundException': org/springframework/context/EnvironmentAwareCustomizer> (0x00000000d778eab0) thrown at [C:\re\workspace\8-2-build-windows-amd64-cygwin\jdk8u211\12973\hotspot\src\share\vm\classfile\systemDictionary.cpp, lin
Event: 3.392 Thread 0x0000000003258000 Exception <a 'java/lang/ClassNotFoundException': org/springframework/beans/factory/AwareCustomizer> (0x00000000d77ae2f0) thrown at [C:\re\workspace\8-2-build-windows-amd64-cygwin\jdk8u211\12973\hotspot\src\share\vm\classfile\systemDictionary.cpp, line 210

Events (10 events):
Event: 3.631 loading class com/fasterxml/jackson/databind/ser/std/FileSerializer
Event: 3.631 loading class com/fasterxml/jackson/databind/ser/std/FileSerializer done
Event: 3.631 loading class com/fasterxml/jackson/databind/ser/std/ClassSerializer
Event: 3.631 loading class com/fasterxml/jackson/databind/ser/std/ClassSerializer done
Event: 3.631 loading class com/fasterxml/jackson/databind/ser/std/SqlDateSerializer
Event: 3.631 loading class com/fasterxml/jackson/databind/ser/std/SqlDateSerializer done
Event: 3.649 loading class java/sql/Time
Event: 3.649 loading class java/sql/Time done
Event: 3.649 loading class com/fasterxml/jackson/databind/ser/std/SqlTimeSerializer
Event: 3.649 loading class com/fasterxml/jackson/databind/ser/std/SqlTimeSerializer done


Dynamic libraries:
0x00007ff7a1830000 - 0x00007ff7a1867000 	C:\Program Files\Java\jdk1.8.0_211\bin\java.exe
0x00007ffaab060000 - 0x00007ffaab250000 	C:\WINDOWS\SYSTEM32\ntdll.dll
0x00007ffaaab50000 - 0x00007ffaaac02000 	C:\WINDOWS\System32\KERNEL32.DLL
0x00007ffaa8ba0000 - 0x00007ffaa8e43000 	C:\WINDOWS\System32\KERNELBASE.dll
0x00007ffaaa390000 - 0x00007ffaaa433000 	C:\WINDOWS\System32\ADVAPI32.dll
0x00007ffaa9f10000 - 0x00007ffaa9fae000 	C:\WINDOWS\System32\msvcrt.dll
0x00007ffaa9c30000 - 0x00007ffaa9cc7000 	C:\WINDOWS\System32\sechost.dll
0x00007ffaaa060000 - 0x00007ffaaa180000 	C:\WINDOWS\System32\RPCRT4.dll
0x00007ffaa9cd0000 - 0x00007ffaa9e64000 	C:\WINDOWS\System32\USER32.dll
0x00007ffaa8a70000 - 0x00007ffaa8a91000 	C:\WINDOWS\System32\win32u.dll
0x00007ffaa9110000 - 0x00007ffaa9136000 	C:\WINDOWS\System32\GDI32.dll
0x00007ffaa8f70000 - 0x00007ffaa9104000 	C:\WINDOWS\System32\gdi32full.dll
0x00007ffaa8ed0000 - 0x00007ffaa8f6e000 	C:\WINDOWS\System32\msvcp_win.dll
0x00007ffaa8770000 - 0x00007ffaa886a000 	C:\WINDOWS\System32\ucrtbase.dll
0x00007ffa99bd0000 - 0x00007ffa99e55000 	C:\WINDOWS\WinSxS\amd64_microsoft.windows.common-controls_6595b64144ccf1df_6.0.18362.720_none_e6beb5c51314836b\COMCTL32.dll
0x00007ffaaace0000 - 0x00007ffaab016000 	C:\WINDOWS\System32\combase.dll
0x00007ffaa8e50000 - 0x00007ffaa8ed0000 	C:\WINDOWS\System32\bcryptPrimitives.dll
0x00007ffaaa240000 - 0x00007ffaaa26e000 	C:\WINDOWS\System32\IMM32.DLL
0x000000005cf80000 - 0x000000005d052000 	C:\Program Files\Java\jdk1.8.0_211\jre\bin\msvcr100.dll
0x000000005c6b0000 - 0x000000005cf55000 	C:\Program Files\Java\jdk1.8.0_211\jre\bin\server\jvm.dll
0x00007ffaaa320000 - 0x00007ffaaa328000 	C:\WINDOWS\System32\PSAPI.DLL
0x00007ffaa1bd0000 - 0x00007ffaa1bf4000 	C:\WINDOWS\SYSTEM32\WINMM.dll
0x00007ffaa6a30000 - 0x00007ffaa6a39000 	C:\WINDOWS\SYSTEM32\WSOCK32.dll
0x00007ffaaa930000 - 0x00007ffaaa99f000 	C:\WINDOWS\System32\WS2_32.dll
0x00007ffa9f920000 - 0x00007ffa9f92a000 	C:\WINDOWS\SYSTEM32\VERSION.dll
0x00007ffaa1b80000 - 0x00007ffaa1bad000 	C:\WINDOWS\SYSTEM32\winmmbase.dll
0x00007ffaa8a20000 - 0x00007ffaa8a6a000 	C:\WINDOWS\System32\cfgmgr32.dll
0x00007ffaa4020000 - 0x00007ffaa402f000 	C:\Program Files\Java\jdk1.8.0_211\jre\bin\verify.dll
0x00007ffaa10c0000 - 0x00007ffaa10e9000 	C:\Program Files\Java\jdk1.8.0_211\jre\bin\java.dll
0x00007ffa98f30000 - 0x00007ffa98f53000 	C:\Program Files\Java\jdk1.8.0_211\jre\bin\instrument.dll
0x00007ffa98f10000 - 0x00007ffa98f26000 	C:\Program Files\Java\jdk1.8.0_211\jre\bin\zip.dll
0x00007ffaa9140000 - 0x00007ffaa9825000 	C:\WINDOWS\System32\SHELL32.dll
0x00007ffaa9fb0000 - 0x00007ffaaa059000 	C:\WINDOWS\System32\shcore.dll
0x00007ffaa7ff0000 - 0x00007ffaa8770000 	C:\WINDOWS\System32\windows.storage.dll
0x00007ffaa7fc0000 - 0x00007ffaa7fe3000 	C:\WINDOWS\System32\profapi.dll
0x00007ffaa7f70000 - 0x00007ffaa7fba000 	C:\WINDOWS\System32\powrprof.dll
0x00007ffaa7f20000 - 0x00007ffaa7f30000 	C:\WINDOWS\System32\UMPDC.dll
0x00007ffaaa330000 - 0x00007ffaaa382000 	C:\WINDOWS\System32\shlwapi.dll
0x00007ffaa7f30000 - 0x00007ffaa7f41000 	C:\WINDOWS\System32\kernel.appcore.dll
0x00007ffaa8aa0000 - 0x00007ffaa8ab7000 	C:\WINDOWS\System32\cryptsp.dll
0x00007ffa82980000 - 0x00007ffa8299a000 	C:\Program Files\JetBrains\IntelliJ IDEA 2019.1.3\bin\breakgen64.dll
0x00007ffa87450000 - 0x00007ffa8746a000 	C:\Program Files\Java\jdk1.8.0_211\jre\bin\net.dll
0x00007ffa98880000 - 0x00007ffa98a55000 	C:\WINDOWS\SYSTEM32\urlmon.dll
0x00007ffa93620000 - 0x00007ffa938c6000 	C:\WINDOWS\SYSTEM32\iertutil.dll
0x00007ffaa7960000 - 0x00007ffaa796c000 	C:\WINDOWS\SYSTEM32\CRYPTBASE.DLL
0x00007ffaa7790000 - 0x00007ffaa77f7000 	C:\WINDOWS\system32\mswsock.dll
0x00007ffa854f0000 - 0x00007ffa85502000 	C:\Program Files\Java\jdk1.8.0_211\jre\bin\nio.dll
0x00007ffaa3fa0000 - 0x00007ffaa3fad000 	C:\Program Files\Java\jdk1.8.0_211\jre\bin\management.dll
0x00007ffa9db10000 - 0x00007ffa9db26000 	C:\WINDOWS\system32\napinsp.dll
0x00007ffa9db30000 - 0x00007ffa9db4a000 	C:\WINDOWS\system32\pnrpnsp.dll
0x00007ffaa74e0000 - 0x00007ffaa75aa000 	C:\WINDOWS\SYSTEM32\DNSAPI.dll
0x00007ffaa9ee0000 - 0x00007ffaa9ee8000 	C:\WINDOWS\System32\NSI.dll
0x00007ffaa74a0000 - 0x00007ffaa74da000 	C:\WINDOWS\SYSTEM32\IPHLPAPI.DLL
0x00007ffa9db50000 - 0x00007ffa9db5e000 	C:\WINDOWS\System32\winrnr.dll
0x00007ffaa3da0000 - 0x00007ffaa3dbc000 	C:\WINDOWS\system32\NLAapi.dll
0x00007ffaa3270000 - 0x00007ffaa3285000 	C:\WINDOWS\system32\wshbth.dll
0x00007ffa9db90000 - 0x00007ffa9db9a000 	C:\Windows\System32\rasadhlp.dll
0x00007ffa9f400000 - 0x00007ffa9f477000 	C:\WINDOWS\System32\fwpuclnt.dll
0x00007ffaa8b70000 - 0x00007ffaa8b96000 	C:\WINDOWS\System32\bcrypt.dll

VM Arguments:
jvm_args: -ea -Didea.test.cyclic.buffer.size=1048576 -javaagent:C:\Program Files\JetBrains\IntelliJ IDEA 2019.1.3\lib\idea_rt.jar=65118:C:\Program Files\JetBrains\IntelliJ IDEA 2019.1.3\bin -Dfile.encoding=UTF-8 
java_command: com.intellij.rt.execution.junit.JUnitStarter -ideVersion5 -junit5 @w@C:\Users\24707\AppData\Local\Temp\idea_working_dirs_junit.tmp @C:\Users\24707\AppData\Local\Temp\idea_junit.tmp
java_class_path (initial): C:\Program Files\JetBrains\IntelliJ IDEA 2019.1.3\lib\idea_rt.jar;C:\Program Files\JetBrains\IntelliJ IDEA 2019.1.3\plugins\junit\lib\junit-rt.jar;C:\Program Files\JetBrains\IntelliJ IDEA 2019.1.3\plugins\junit\lib\junit5-rt.jar;C:\Users\24707\.m2\repository\org\junit\platform\junit-platform-launcher\1.5.2\junit-platform-launcher-1.5.2.jar;C:\Users\24707\.m2\repository\org\apiguardian\apiguardian-api\1.1.0\apiguardian-api-1.1.0.jar;C:\Users\24707\.m2\repository\org\junit\platform\junit-platform-engine\1.5.2\junit-platform-engine-1.5.2.jar;C:\Users\24707\.m2\repository\org\opentest4j\opentest4j\1.2.0\opentest4j-1.2.0.jar;C:\Users\24707\.m2\repository\org\junit\platform\junit-platform-commons\1.5.2\junit-platform-commons-1.5.2.jar;C:\Program Files\Java\jdk1.8.0_211\jre\lib\charsets.jar;C:\Program Files\Java\jdk1.8.0_211\jre\lib\deploy.jar;C:\Program Files\Java\jdk1.8.0_211\jre\lib\ext\access-bridge-64.jar;C:\Program Files\Java\jdk1.8.0_211\jre\lib\ext\cldrdata.jar;C:\Program Files\Java\jdk1.8.0_211\jre\lib\ext\dnsns.jar;C:\Program Files\Java\jdk1.8.0_211\jre\lib\ext\jaccess.jar;C:\Program Files\Java\jdk1.8.0_211\jre\lib\ext\jfxrt.jar;C:\Program Files\Java\jdk1.8.0_211\jre\lib\ext\localedata.jar;C:\Program Files\Java\jdk1.8.0_211\jre\lib\ext\nashorn.jar;C:\Program Files\Java\jdk1.8.0_211\jre\lib\ext\sunec.jar;C:\Program Files\Java\jdk1.8.0_211\jre\lib\ext\sunjce_provider.jar;C:\Program Files\Java\jdk1.8.0_211\jre\lib\ext\sunmscapi.jar;C:\Program Files\Java\jdk1.8.0_211\jre\lib\ext\sunpkcs11.jar;C:\Program Files\Java\jdk1.8.0_211\jre\lib\ext\zipfs.jar;C:\Program Files\Java\jdk1.8.0_211\jre\lib\javaws.jar;C:\Program Files\Java\jdk1.8.0_211\jre\lib\jce.jar;C:\Program Files\Java\jdk1.8.0_211\jre\lib\jfr.jar;C:\Program Files\Java\jdk1.8.0_211\jre\lib\jfxswt.jar;C:\Program Files\Java\jdk1.8.0_211\jre\lib\jsse.jar;C:\Program Files\Java\jdk1.8.0_211\jre\lib\management-agent.jar;C:\Program Files\Java\jdk1.8.0_211\jre\lib\plugin.jar;C:\Program Files\
Launcher Type: SUN_STANDARD

Environment Variables:
JAVA_HOME=C:\Program Files\Java\jdk-11.0.4
CLASSPATH=.;C:\Program Files\Java\jdk-11.0.4\lib;C:\Program Files\Java\jdk-11.0.4\lib\dt.jar;C:\Program Files\Java\jdk-11.0.4\lib\tools.jar
PATH=E:\Program Files (x86)\NetSarang\Xshell 6\;E:\Program Files (x86)\NetSarang\Xftp 6\;"C:\Program Files\Java\jdk-11.0.4\bin;C:\Program Files\Java\jdk-11.0.4\jre\bin;C:\Program Files (x86)\Intel\iCLS Client\;C:\Program Files\Intel\iCLS Client\;C:\windows\system32;C:\windows;C:\windows\System32\Wbem;C:\windows\System32\WindowsPowerShell\v1.0\;C:\Program Files (x86)\Intel\Intel(R) Management Engine Components\DAL;C:\Progra";C:\Program Files\Git\cmd;F:\blog\node\;%APPDATA%\picgo\data.json;C:\Program Files\MySQL\MySQL Server 5.5\bin;C:\Users\24707\AppData\Local\Microsoft\WindowsApps;D:\apache-maven-3.5.2\bin;C:\Users\24707\AppData\Roaming\npm;C:\Windows\System32\WindowsPowerShell\v1.0;C:\Users\24707\AppData\Roaming\picgo\data.json;
USERNAME=24707
OS=Windows_NT
PROCESSOR_IDENTIFIER=Intel64 Family 6 Model 94 Stepping 3, GenuineIntel



---------------  S Y S T E M  ---------------

OS: Windows 10.0 , 64 bit Build 18362 (10.0.18362.329)

CPU:total 4 (initial active 4) (4 cores per cpu, 1 threads per core) family 6 model 94 stepping 3, cmov, cx8, fxsr, mmx, sse, sse2, sse3, ssse3, sse4.1, sse4.2, popcnt, avx, avx2, aes, clmul, erms, rtm, 3dnowpref, lzcnt, tsc, tscinvbit, bmi1, bmi2, adx

Memory: 4k page, physical 8275872k(384468k free), swap 14567328k(3232k free)

vm_info: Java HotSpot(TM) 64-Bit Server VM (25.211-b12) for windows-amd64 JRE (1.8.0_211-b12), built on Apr  1 2019 20:53:26 by "java_re" with MS VC++ 10.0 (VS2010)

time: Sun Mar 15 23:50:44 2020
timezone: 中国标准时间
elapsed time: 3 seconds (0d 0h 0m 3s)

